\BOOKMARK [0][-]{chapter.1}{Introduction}{}% 1
\BOOKMARK [1][-]{section.1.1}{What is the Idea behind Ray Tracing?}{chapter.1}% 2
\BOOKMARK [1][-]{section.1.2}{Our Solution}{chapter.1}% 3
\BOOKMARK [0][-]{chapter.2}{Review}{}% 4
\BOOKMARK [1][-]{section.2.1}{Brief History of Ray tracing}{chapter.2}% 5
\BOOKMARK [1][-]{section.2.2}{Overview of Ray Tracing}{chapter.2}% 6
\BOOKMARK [1][-]{section.2.3}{Review of Related Works}{chapter.2}% 7
\BOOKMARK [2][-]{subsection.2.3.1}{Ray Tracing from the Ground Up}{section.2.3}% 8
\BOOKMARK [0][-]{chapter.3}{Requirements and design}{}% 9
\BOOKMARK [1][-]{section.3.1}{Mandatory Requirements}{chapter.3}% 10
\BOOKMARK [1][-]{section.3.2}{Optional Requirements}{chapter.3}% 11
\BOOKMARK [1][-]{section.3.3}{Architecture}{chapter.3}% 12
\BOOKMARK [1][-]{section.3.4}{Prototypes}{chapter.3}% 13
\BOOKMARK [2][-]{subsection.3.4.1}{First Iteration}{section.3.4}% 14
\BOOKMARK [2][-]{subsection.3.4.2}{Second Iteration}{section.3.4}% 15
\BOOKMARK [2][-]{subsection.3.4.3}{Final Iteration}{section.3.4}% 16
\BOOKMARK [0][-]{chapter.4}{Implementation}{}% 17
\BOOKMARK [1][-]{section.4.1}{Back-end}{chapter.4}% 18
\BOOKMARK [2][-]{subsection.4.1.1}{Models}{section.4.1}% 19
\BOOKMARK [3][-]{subsubsection.4.1.1.1}{Basic Elements}{subsection.4.1.1}% 20
\BOOKMARK [3][-]{subsubsection.4.1.1.2}{Configurations}{subsection.4.1.1}% 21
\BOOKMARK [3][-]{subsubsection.4.1.1.3}{Materials}{subsection.4.1.1}% 22
\BOOKMARK [3][-]{subsubsection.4.1.1.4}{Geometry Objects}{subsection.4.1.1}% 23
\BOOKMARK [3][-]{subsubsection.4.1.1.5}{Lights}{subsection.4.1.1}% 24
\BOOKMARK [3][-]{subsubsection.4.1.1.6}{Tracer}{subsection.4.1.1}% 25
\BOOKMARK [3][-]{subsubsection.4.1.1.7}{Camera}{subsection.4.1.1}% 26
\BOOKMARK [3][-]{subsubsection.4.1.1.8}{Sampling}{subsection.4.1.1}% 27
\BOOKMARK [3][-]{subsubsection.4.1.1.9}{Scene}{subsection.4.1.1}% 28
\BOOKMARK [2][-]{subsection.4.1.2}{Controllers}{section.4.1}% 29
\BOOKMARK [1][-]{section.4.2}{Front End}{chapter.4}% 30
\BOOKMARK [2][-]{subsection.4.2.1}{Set up}{section.4.2}% 31
\BOOKMARK [2][-]{subsection.4.2.2}{SVG}{section.4.2}% 32
\BOOKMARK [2][-]{subsection.4.2.3}{3D}{section.4.2}% 33
\BOOKMARK [1][-]{section.4.3}{Testing}{chapter.4}% 34
\BOOKMARK [2][-]{subsection.4.3.1}{Back end}{section.4.3}% 35
\BOOKMARK [3][-]{subsubsection.4.3.1.1}{Why Unit Testing is important?}{subsection.4.3.1}% 36
\BOOKMARK [3][-]{subsubsection.4.3.1.2}{Elements Testing}{subsection.4.3.1}% 37
\BOOKMARK [4][-]{paragraph.4.3.1.2.1}{Point3D}{subsubsection.4.3.1.2}% 38
\BOOKMARK [4][-]{paragraph.4.3.1.2.2}{Vector3D}{subsubsection.4.3.1.2}% 39
\BOOKMARK [4][-]{paragraph.4.3.1.2.3}{ColorRGB}{subsubsection.4.3.1.2}% 40
\BOOKMARK [3][-]{subsubsection.4.3.1.3}{Scene Testing}{subsection.4.3.1}% 41
\BOOKMARK [3][-]{subsubsection.4.3.1.4}{Geometrics Testing}{subsection.4.3.1}% 42
\BOOKMARK [4][-]{paragraph.4.3.1.4.1}{Cube}{subsubsection.4.3.1.4}% 43
\BOOKMARK [4][-]{paragraph.4.3.1.4.2}{Plane}{subsubsection.4.3.1.4}% 44
\BOOKMARK [4][-]{paragraph.4.3.1.4.3}{Sphere}{subsubsection.4.3.1.4}% 45
\BOOKMARK [3][-]{subsubsection.4.3.1.5}{Cameras Testing}{subsection.4.3.1}% 46
\BOOKMARK [3][-]{subsubsection.4.3.1.6}{Lights Testing}{subsection.4.3.1}% 47
\BOOKMARK [4][-]{paragraph.4.3.1.6.1}{Light}{subsubsection.4.3.1.6}% 48
\BOOKMARK [4][-]{paragraph.4.3.1.6.2}{AmbientLight}{subsubsection.4.3.1.6}% 49
\BOOKMARK [2][-]{subsection.4.3.2}{Front end tests}{section.4.3}% 50
\BOOKMARK [0][-]{chapter.5}{Team work}{}% 51
\BOOKMARK [1][-]{section.5.1}{Process}{chapter.5}% 52
\BOOKMARK [1][-]{section.5.2}{Communication}{chapter.5}% 53
\BOOKMARK [1][-]{section.5.3}{Tools}{chapter.5}% 54
\BOOKMARK [2][-]{subsection.5.3.1}{Software Development Tools}{section.5.3}% 55
\BOOKMARK [3][-]{subsubsection.5.3.1.1}{Visual Studio}{subsection.5.3.1}% 56
\BOOKMARK [3][-]{subsubsection.5.3.1.2}{Visual Studio Code}{subsection.5.3.1}% 57
\BOOKMARK [2][-]{subsection.5.3.2}{Project Management Tools}{section.5.3}% 58
\BOOKMARK [3][-]{subsubsection.5.3.2.1}{Git}{subsection.5.3.2}% 59
\BOOKMARK [3][-]{subsubsection.5.3.2.2}{Travis CI}{subsection.5.3.2}% 60
\BOOKMARK [4][-]{paragraph.5.3.2.2.1}{Mocha}{subsubsection.5.3.2.2}% 61
\BOOKMARK [2][-]{subsection.5.3.3}{Communication Tools}{section.5.3}% 62
\BOOKMARK [0][-]{chapter.6}{Evaluation}{}% 63
